2025-08-12 10:58:41,718 - INFO - === INICIANDO CLUSTERING v4 CON IIEE RER OFICIALES ===
2025-08-12 10:58:41,724 - INFO - Variables disponibles para clustering: 22
2025-08-12 10:58:41,724 - INFO - Variables: ['Y1_ILA', 'Y2_TD', 'Y3_PR', 'X1_NVC', 'X2_TR', 'X4_IDD', 'X6_CDD', 'X10_IE', 'X11_RED', 'X12_TOE', 'X13_TMATRC', 'X15_MEIB', 'X14_NIVEL_EDUCATIVO', 'X16_MODALIDAD', 'X17_GESTION', 'X18_TURNO', 'X19_ORGANIZACION_PEDAGOGICA', 'X20_DIRECTIVOS_TOTAL', 'X21_MULTIPLICIDAD1', 'X22_MULTIPLICIDAD2', 'X24_GPMD', 'X25_POBLACION_DISTRITO']
2025-08-12 10:58:41,726 - INFO - IIEE cargadas para clustering: 161
2025-08-12 10:58:41,727 - ERROR - Error en clustering v4: Can only use .str accessor with string values!
2025-08-12 10:59:07,967 - INFO - === INICIANDO CLUSTERING v4 CON IIEE RER OFICIALES ===
2025-08-12 10:59:07,969 - INFO - Variables disponibles para clustering: 22
2025-08-12 10:59:07,969 - INFO - Variables: ['Y1_ILA', 'Y2_TD', 'Y3_PR', 'X1_NVC', 'X2_TR', 'X4_IDD', 'X6_CDD', 'X10_IE', 'X11_RED', 'X12_TOE', 'X13_TMATRC', 'X15_MEIB', 'X14_NIVEL_EDUCATIVO', 'X16_MODALIDAD', 'X17_GESTION', 'X18_TURNO', 'X19_ORGANIZACION_PEDAGOGICA', 'X20_DIRECTIVOS_TOTAL', 'X21_MULTIPLICIDAD1', 'X22_MULTIPLICIDAD2', 'X24_GPMD', 'X25_POBLACION_DISTRITO']
2025-08-12 10:59:07,971 - INFO - IIEE cargadas para clustering: 161
2025-08-12 10:59:07,972 - INFO - IIEE RER confirmadas: 0/161
2025-08-12 10:59:07,992 - INFO - Variables válidas para clustering: 21
2025-08-12 10:59:07,995 - INFO - IIEE con completitud >= 60.0%: 161
2025-08-12 10:59:08,001 - INFO - Datos preparados: 161 IIEE x 21 variables
2025-08-12 10:59:08,008 - INFO - PCA aplicado: 12 componentes explican 0.902 de varianza
2025-08-12 10:59:09,824 - INFO - Evaluación de K completada. K óptimo: 8
2025-08-12 10:59:09,824 - INFO - Métricas por K:
2025-08-12 10:59:09,825 - INFO -   K=2.0: Silhouette=0.181, DB=2.052, CH=32.1
2025-08-12 10:59:09,825 - INFO -   K=3.0: Silhouette=0.200, DB=1.750, CH=27.6
2025-08-12 10:59:09,825 - INFO -   K=4.0: Silhouette=0.202, DB=1.768, CH=25.4
2025-08-12 10:59:09,825 - INFO -   K=5.0: Silhouette=0.194, DB=1.693, CH=24.2
2025-08-12 10:59:09,825 - INFO -   K=6.0: Silhouette=0.219, DB=1.545, CH=24.9
2025-08-12 10:59:09,825 - INFO -   K=7.0: Silhouette=0.204, DB=1.297, CH=23.8
2025-08-12 10:59:09,825 - INFO -   K=8.0: Silhouette=0.223, DB=1.293, CH=25.2
2025-08-12 10:59:09,855 - INFO - Clustering final aplicado:
2025-08-12 10:59:09,855 - INFO -   K=8, Silhouette=0.223
2025-08-12 10:59:09,855 - INFO -   Davies-Bouldin=1.293
2025-08-12 10:59:09,855 - INFO -   Calinski-Harabasz=25.2
2025-08-12 10:59:09,859 - INFO - Distribución por cluster:
2025-08-12 10:59:09,859 - INFO -   Cluster 0: 49 IIEE (30.4%)
2025-08-12 10:59:09,859 - INFO -   Cluster 1: 18 IIEE (11.2%)
2025-08-12 10:59:09,859 - INFO -   Cluster 2: 25 IIEE (15.5%)
2025-08-12 10:59:09,859 - INFO -   Cluster 3: 29 IIEE (18.0%)
2025-08-12 10:59:09,859 - INFO -   Cluster 4: 28 IIEE (17.4%)
2025-08-12 10:59:09,859 - INFO -   Cluster 5: 3 IIEE (1.9%)
2025-08-12 10:59:09,859 - INFO -   Cluster 6: 3 IIEE (1.9%)
2025-08-12 10:59:09,859 - INFO -   Cluster 7: 6 IIEE (3.7%)
2025-08-12 10:59:09,876 - INFO - Resultados guardados en BD v4 oficial
2025-08-12 10:59:09,879 - INFO - === CLUSTERING v4 OFICIAL COMPLETADO EXITOSAMENTE ===
